<?xml version="1.0" encoding="UTF-8"?>
<Site BuildName="(empty)"
	BuildStamp="20241006-2343-Experimental"
	Name="robbie-Inspiron-5406-2n1"
	Generator="ctest-3.22.1"
	CompilerName="/usr/bin/g++"
	CompilerVersion="11.4.0"
	OSName="Linux"
	Hostname="robbie-Inspiron-5406-2n1"
	OSRelease="6.8.0-45-generic"
	OSVersion="#45~22.04.1-Ubuntu SMP PREEMPT_DYNAMIC Wed Sep 11 15:25:05 UTC 2"
	OSPlatform="x86_64"
	Is64Bits="1"
	VendorString="GenuineIntel"
	VendorID="Intel Corporation"
	FamilyID="6"
	ModelID="140"
	ProcessorCacheSize="12288"
	NumberOfLogicalCPU="8"
	NumberOfPhysicalCPU="4"
	TotalVirtualMemory="2047"
	TotalPhysicalMemory="15721"
	LogicalProcessorsPerPhysical="2"
	ProcessorClockFrequency="4100"
	>
	<Testing>
		<StartDateTime>Oct 07 10:43 AEDT</StartDateTime>
		<StartTestTime>1728258215</StartTestTime>
		<TestList/>
		<EndDateTime>Oct 07 10:43 AEDT</EndDateTime>
		<EndTestTime>1728258215</EndTestTime>
		<ElapsedMinutes>0</ElapsedMinutes>
	</Testing>
</Site>
